<?xml version="1.0" encoding="UTF-8"?>
<!-- Generated by org.testng.reporters.JUnitReportReporter -->
<testsuite hostname="Pawar-PC1" failures="0" tests="1" name="wordpress.NewTest" time="18.252" errors="0" timestamp="25 May 2023 19:10:57 GMT" skipped="0">
  <testcase classname="wordpress.NewTest" name="f" time="18.252"/>
</testsuite> <!-- wordpress.NewTest -->
